This is pdfeTeX, Version 3.141592-1.30.4-2.2 (Web2C 7.5.5) (format=pdflatex 2005.11.16)  15 OCT 2009 20:31
entering extended mode
**paper
(./paper.tex
LaTeX2e <2003/12/01>
Babel <v3.8d> and hyphenation patterns for american, french, german, ngerman, d
utch, italian, norsk, portuges, spanish, swedish, nohyphenation, loaded.
(./imsart.cls
Document Class: imsart 2009/05/20 driver class for package imsart.sty
(/usr/local/teTeX/share/texmf.tetex/tex/latex/base/article.cls
Document Class: article 2004/02/16 v1.4f Standard LaTeX document class
(/usr/local/teTeX/share/texmf.tetex/tex/latex/base/leqno.clo
File: leqno.clo 1998/08/17 v1.1c Standard LaTeX option (left equation numbers)
)
(/usr/local/teTeX/share/texmf.tetex/tex/latex/base/size11.clo
File: size11.clo 2004/02/16 v1.4f Standard LaTeX file (size option)
)
\c@part=\count79
\c@section=\count80
\c@subsection=\count81
\c@subsubsection=\count82
\c@paragraph=\count83
\c@subparagraph=\count84
\c@figure=\count85
\c@table=\count86
\abovecaptionskip=\skip41
\belowcaptionskip=\skip42
\bibindent=\dimen102
) (./imsart.sty
File: imsart.sty 2009/05/21IMS article style (VS)

No file imsart.cnf.
(/usr/local/teTeX/share/texmf.tetex/tex/latex/base/leqno.clo
File: leqno.clo 1998/08/17 v1.1c Standard LaTeX option (left equation numbers)
)
\c@firstpage=\count87
\c@lastpage=\count88
\c@thanks=\count89
\c@addressref=\count90

(/usr/local/teTeX/share/texmf.tetex/tex/latex/graphics/keyval.sty
Package: keyval 1999/03/16 v1.13 key=value parser (DPC)
\KV@toks@=\toks14
)
\c@emailref=\count91
\c@author=\count92
\c@address=\count93
\sv@mathsurround=\dimen103
\sv@parindent=\dimen104
\fm@box=\box26
\fm@size=\dimen105
\t@xtheight=\dimen106
\abstract@box=\box27
\keyword@box=\box28
\pre@kwd@depth=\dimen107
\keyword@toks=\toks15
\authors@list=\toks16
\keywords@list=\toks17

No file imsart-aoas.cnf.
)) (/usr/local/teTeX/share/texmf.tetex/tex/latex/a4wide/a4wide.sty
Package: a4wide 1994/08/30

(/usr/local/teTeX/share/texmf.tetex/tex/latex/ntgclass/a4.sty
Package: a4 2004/04/15 v1.2g A4 based page layout
))
(/usr/local/teTeX/share/texmf.tetex/tex/latex/germbib/apalike.sty
\bibhang=\skip43
)
(/usr/local/teTeX/share/texmf.gwtex/tex/latex/algorithms/algorithm.sty
Package: algorithm 

Document Style `algorithm' - floating environment
(/usr/local/teTeX/share/texmf.tetex/tex/latex/float/float.sty
Package: float 2001/11/08 v1.3d Float enhancements (AL)
\c@float@type=\count94
\float@exts=\toks18
\float@box=\box29
\@float@everytoks=\toks19
\@floatcapt=\box30
)
(/usr/local/teTeX/share/texmf.tetex/tex/latex/base/ifthen.sty
Package: ifthen 2001/05/26 v1.1c Standard LaTeX ifthen package (DPC)
)
\@float@every@algorithm=\toks20
\c@algorithm=\count95
)
(./algpseudocode.sty
Package: algpseudocode 
 (./algorithmicx.sty
Package: algorithmicx 2005/04/27 v1.2 Algorithmicx

Document Style algorithmicx 1.2 - a greatly improved `algorithmic' style
\c@ALG@line=\count96
\c@ALG@rem=\count97
\c@ALG@nested=\count98
\ALG@tlm=\skip44
\ALG@thistlm=\skip45
\c@ALG@Lnr=\count99
\c@ALG@blocknr=\count100
\c@ALG@storecount=\count101
\c@ALG@tmpcounter=\count102
\ALG@tmplength=\skip46
)
Document Style - pseudocode environments for use with the `algorithmicx' style
) (/usr/local/teTeX/share/texmf.tetex/tex/latex/graphics/graphicx.sty
Package: graphicx 1999/02/16 v1.0f Enhanced LaTeX Graphics (DPC,SPQR)

(/usr/local/teTeX/share/texmf.tetex/tex/latex/graphics/graphics.sty
Package: graphics 2001/07/07 v1.0n Standard LaTeX Graphics (DPC,SPQR)

(/usr/local/teTeX/share/texmf.tetex/tex/latex/graphics/trig.sty
Package: trig 1999/03/16 v1.09 sin cos tan (DPC)
)
(/usr/local/teTeX/share/texmf.tetex/tex/latex/graphics/graphics.cfg
File: graphics.cfg 2005/02/03 v1.3 graphics configuration of teTeX/TeXLive
)
Package graphics Info: Driver file: pdftex.def on input line 80.

(/usr/local/teTeX/share/texmf.tetex/tex/latex/graphics/pdftex.def
File: pdftex.def 2002/06/19 v0.03k graphics/color for pdftex
\Gread@gobject=\count103
))
\Gin@req@height=\dimen108
\Gin@req@width=\dimen109
)
(/usr/local/teTeX/share/texmf.tetex/tex/latex/amsmath/amsmath.sty
Package: amsmath 2000/07/18 v2.13 AMS math features
\@mathmargin=\skip47

For additional information on amsmath, use the `?' option.
(/usr/local/teTeX/share/texmf.tetex/tex/latex/amsmath/amstext.sty
Package: amstext 2000/06/29 v2.01

(/usr/local/teTeX/share/texmf.tetex/tex/latex/amsmath/amsgen.sty
File: amsgen.sty 1999/11/30 v2.0
\@emptytoks=\toks21
\ex@=\dimen110
))
(/usr/local/teTeX/share/texmf.tetex/tex/latex/amsmath/amsbsy.sty
Package: amsbsy 1999/11/29 v1.2d
\pmbraise@=\dimen111
)
(/usr/local/teTeX/share/texmf.tetex/tex/latex/amsmath/amsopn.sty
Package: amsopn 1999/12/14 v2.01 operator names
)
\inf@bad=\count104
LaTeX Info: Redefining \frac on input line 211.
\uproot@=\count105
\leftroot@=\count106
LaTeX Info: Redefining \overline on input line 307.
\classnum@=\count107
\DOTSCASE@=\count108
LaTeX Info: Redefining \ldots on input line 379.
LaTeX Info: Redefining \dots on input line 382.
LaTeX Info: Redefining \cdots on input line 467.
\Mathstrutbox@=\box31
\strutbox@=\box32
\big@size=\dimen112
LaTeX Font Info:    Redeclaring font encoding OML on input line 567.
LaTeX Font Info:    Redeclaring font encoding OMS on input line 568.
\macc@depth=\count109
\c@MaxMatrixCols=\count110
\dotsspace@=\muskip10
\c@parentequation=\count111
\dspbrk@lvl=\count112
\tag@help=\toks22
\row@=\count113
\column@=\count114
\maxfields@=\count115
\andhelp@=\toks23
\eqnshift@=\dimen113
\alignsep@=\dimen114
\tagshift@=\dimen115
\tagwidth@=\dimen116
\totwidth@=\dimen117
\lineht@=\dimen118
\@envbody=\toks24
\multlinegap=\skip48
\multlinetaggap=\skip49
\mathdisplay@stack=\toks25
LaTeX Info: Redefining \[ on input line 2666.
LaTeX Info: Redefining \] on input line 2667.
)
(/usr/local/teTeX/share/texmf.tetex/tex/latex/amsfonts/amsfonts.sty
Package: amsfonts 2001/10/25 v2.2f
LaTeX Font Info:    Try loading font information for OMX+cmex on input line 76.


(/usr/local/teTeX/share/texmf.tetex/tex/latex/base/omxcmex.fd
File: omxcmex.fd 1999/05/25 v2.5h Standard LaTeX font definitions
)
\symAMSa=\mathgroup4
\symAMSb=\mathgroup5
LaTeX Font Info:    Overwriting math alphabet `\mathfrak' in version `bold'
(Font)                  U/euf/m/n --> U/euf/b/n on input line 132.
)
(/usr/local/teTeX/share/texmf.tetex/tex/latex/amscls/amsthm.sty
Package: amsthm 2004/08/06 v2.20
\thm@style=\toks26
\thm@bodyfont=\toks27
\thm@headfont=\toks28
\thm@notefont=\toks29
\thm@headpunct=\toks30
\thm@preskip=\skip50
\thm@postskip=\skip51
\thm@headsep=\skip52
\dth@everypar=\toks31
)
(/usr/local/teTeX/share/texmf.tetex/tex/latex/graphics/color.sty
Package: color 1999/02/16 v1.0i Standard LaTeX Color (DPC)

(/usr/local/teTeX/share/texmf.tetex/tex/latex/graphics/color.cfg
File: color.cfg 2005/02/03 v1.3 color configuration of teTeX/TeXLive
)
Package color Info: Driver file: pdftex.def on input line 125.
) (./paper.aux)
\openout1 = `paper.aux'.

LaTeX Font Info:    Checking defaults for OML/cmm/m/it on input line 52.
LaTeX Font Info:    ... okay on input line 52.
LaTeX Font Info:    Checking defaults for T1/cmr/m/n on input line 52.
LaTeX Font Info:    ... okay on input line 52.
LaTeX Font Info:    Checking defaults for OT1/cmr/m/n on input line 52.
LaTeX Font Info:    ... okay on input line 52.
LaTeX Font Info:    Checking defaults for OMS/cmsy/m/n on input line 52.
LaTeX Font Info:    ... okay on input line 52.
LaTeX Font Info:    Checking defaults for OMX/cmex/m/n on input line 52.
LaTeX Font Info:    ... okay on input line 52.
LaTeX Font Info:    Checking defaults for U/cmr/m/n on input line 52.
LaTeX Font Info:    ... okay on input line 52.
 (/usr/local/teTeX/share/texmf.tetex/tex/context/base/supp-pdf.tex
(/usr/local/teTeX/share/texmf.tetex/tex/context/base/supp-mis.tex
loading : Context Support Macros / Miscellaneous (2004.10.26)
\protectiondepth=\count116
\scratchcounter=\count117
\scratchtoks=\toks32
\scratchdimen=\dimen119
\scratchskip=\skip53
\scratchmuskip=\muskip11
\scratchbox=\box33
\scratchread=\read1
\scratchwrite=\write3
\zeropoint=\dimen120
\onepoint=\dimen121
\onebasepoint=\dimen122
\minusone=\count118
\thousandpoint=\dimen123
\onerealpoint=\dimen124
\emptytoks=\toks33
\nextbox=\box34
\nextdepth=\dimen125
\everyline=\toks34
\!!counta=\count119
\!!countb=\count120
\recursecounter=\count121
)
loading : Context Support Macros / PDF (2004.03.26)
\nofMPsegments=\count122
\nofMParguments=\count123
\MPscratchCnt=\count124
\MPscratchDim=\dimen126
\MPnumerator=\count125
\everyMPtoPDFconversion=\toks35
)
LaTeX Font Info:    External font `cmex10' loaded for size
(Font)              <10.95> on input line 56.
LaTeX Font Info:    External font `cmex10' loaded for size
(Font)              <8> on input line 56.
LaTeX Font Info:    External font `cmex10' loaded for size
(Font)              <6> on input line 56.
LaTeX Font Info:    Try loading font information for U+msa on input line 56.
 (/usr/local/teTeX/share/texmf.tetex/tex/latex/amsfonts/umsa.fd
File: umsa.fd 2002/01/19 v2.2g AMS font definitions
)
LaTeX Font Info:    Try loading font information for U+msb on input line 56.

(/usr/local/teTeX/share/texmf.tetex/tex/latex/amsfonts/umsb.fd
File: umsb.fd 2002/01/19 v2.2g AMS font definitions
)
LaTeX Font Info:    External font `cmex10' loaded for size
(Font)              <5> on input line 61.
\@address@1=\toks36
\@address@2=\toks37
\@address@3=\toks38
LaTeX Font Info:    External font `cmex10' loaded for size
(Font)              <9> on input line 126.
 [1{/usr/local/teTeX/share/texmf.local/fonts/map/pdftex/updmap/pdftex.map}

]
<../figs/yuri-paper-schematic.pdf, id=35, 794.97pt x 614.295pt>
File: ../figs/yuri-paper-schematic.pdf Graphic file (type pdf)

<use ../figs/yuri-paper-schematic.pdf> [2] [3 <../figs/yuri-paper-schematic.pdf
>] <../figs/fr_vs_J.pdf, id=97, 393.47pt x 277.035pt>
File: ../figs/fr_vs_J.pdf Graphic file (type pdf)

<use ../figs/fr_vs_J.pdf> [4 <../figs/fr_vs_J.pdf>]
<../figs/sim_examples.pdf, id=115, 418.56375pt x 148.555pt>
File: ../figs/sim_examples.pdf Graphic file (type pdf)

<use ../figs/sim_examples.pdf> [5] [6 <../figs/sim_examples.pdf>]
Overfull \hbox (28.7349pt too wide) in paragraph at lines 540--540
[] 
 []

[7]
Overfull \hbox (13.67853pt too wide) in paragraph at lines 592--592
[] 
 []

[8] [9] [10] [11] [12] [13]
<../figs/FigureA3_scatter_three.pdf, id=158, 420.57124pt x 316.18124pt>
File: ../figs/FigureA3_scatter_three.pdf Graphic file (type pdf)

<use ../figs/FigureA3_scatter_three.pdf>
<../figs/FigureA3_scatter_three_corrected.pdf, id=159, 420.57124pt x 316.18124p
t>
File: ../figs/FigureA3_scatter_three_corrected.pdf Graphic file (type pdf)
 <use ../figs/FigureA3_scatter_three_corrected.pdf>
<../figs/FigureA4_scale_bias.pdf, id=160, 420.57124pt x 316.18124pt>
File: ../figs/FigureA4_scale_bias.pdf Graphic file (type pdf)

<use ../figs/FigureA4_scale_bias.pdf> [14] [15 <../figs/FigureA3_scatter_three.
pdf> <../figs/FigureA3_scatter_three_corrected.pdf> <../figs/FigureA4_scale_bia
s.pdf>] [16]
<../figs/FigureA10_regular_sol.pdf, id=184, 410.53375pt x 309.155pt>
File: ../figs/FigureA10_regular_sol.pdf Graphic file (type pdf)

<use ../figs/FigureA10_regular_sol.pdf>
<../figs/FigureA10_sparse_sol.pdf, id=185, 410.53375pt x 309.155pt>
File: ../figs/FigureA10_sparse_sol.pdf Graphic file (type pdf)

<use ../figs/FigureA10_sparse_sol.pdf>
<../figs/FigureA3_hist_glm200.pdf, id=186, 420.57124pt x 316.18124pt>
File: ../figs/FigureA3_hist_glm200.pdf Graphic file (type pdf)

<use ../figs/FigureA3_hist_glm200.pdf>
<../figs/FigureA3_hist_spa200.pdf, id=187, 420.57124pt x 316.18124pt>
File: ../figs/FigureA3_hist_spa200.pdf Graphic file (type pdf)

<use ../figs/FigureA3_hist_spa200.pdf> [17 <../figs/FigureA10_regular_sol.pdf> 
<../figs/FigureA10_sparse_sol.pdf>]
<../figs/FigureA5_recvar.pdf, id=201, 421.575pt x 316.18124pt>
File: ../figs/FigureA5_recvar.pdf Graphic file (type pdf)

<use ../figs/FigureA5_recvar.pdf>
<../figs/FigureA6_recvar_SNRc.pdf, id=202, 451.6875pt x 361.35pt>
File: ../figs/FigureA6_recvar_SNRc.pdf Graphic file (type pdf)

<use ../figs/FigureA6_recvar_SNRc.pdf>
<../figs/FigureA7_recvar_NT.pdf, id=203, 410.53375pt x 309.155pt>
File: ../figs/FigureA7_recvar_NT.pdf Graphic file (type pdf)

<use ../figs/FigureA7_recvar_NT.pdf>
<../figs/Figure7b_raster_weak.pdf, id=204, 420.57124pt x 313.17pt>
File: ../figs/Figure7b_raster_weak.pdf Graphic file (type pdf)

<use ../figs/Figure7b_raster_weak.pdf>
<../figs/Figure7a_raster_strong.pdf, id=205, 420.57124pt x 294.09875pt>
File: ../figs/Figure7a_raster_strong.pdf Graphic file (type pdf)

<use ../figs/Figure7a_raster_strong.pdf>
<../figs/FigureA8_weak_corr.pdf, id=206, 410.53375pt x 309.155pt>
File: ../figs/FigureA8_weak_corr.pdf Graphic file (type pdf)

<use ../figs/FigureA8_weak_corr.pdf>
<../figs/FigureA8_strong_corr.pdf, id=207, 410.53375pt x 309.155pt>
File: ../figs/FigureA8_strong_corr.pdf Graphic file (type pdf)

<use ../figs/FigureA8_strong_corr.pdf>
<../figs/FigureA9_all_same_sol.pdf, id=208, 385.44pt x 289.08pt>
File: ../figs/FigureA9_all_same_sol.pdf Graphic file (type pdf)

<use ../figs/FigureA9_all_same_sol.pdf>
<../figs/FigureA9_variable_25.pdf, id=209, 385.44pt x 289.08pt>
File: ../figs/FigureA9_variable_25.pdf Graphic file (type pdf)

<use ../figs/FigureA9_variable_25.pdf> [18 <../figs/FigureA3_hist_glm200.pdf> <
../figs/FigureA3_hist_spa200.pdf>] [19 <../figs/FigureA5_recvar.pdf> <../figs/F
igureA6_recvar_SNRc.pdf>] [20 <../figs/FigureA7_recvar_NT.pdf>] [21 <../figs/Fi
gure7b_raster_weak.pdf> <../figs/Figure7a_raster_strong.pdf> <../figs/FigureA8_
weak_corr.pdf> <../figs/FigureA8_strong_corr.pdf>]
Overfull \hbox (5.21765pt too wide) in paragraph at lines 1590--1601
[]\OT1/cmr/m/n/10.95 Several other im-por-tant di-rec-tions for fu-ture work ar
e worth not-ing. First, recently-developed
 []


Overfull \hbox (3.3769pt too wide) in paragraph at lines 1590--1601
\OT1/cmr/m/n/10.95 photo-stimulation meth-ods for ac-ti-vat-ing or de-ac-ti-vat
-ing in-di-vid-ual neu-rons or sub-populations
 []

[22 <../figs/FigureA9_all_same_sol.pdf> <../figs/FigureA9_variable_25.pdf>]
(./paper.bbl [23] [24] [25]
Underfull \hbox (badness 10000) in paragraph at lines 307--312
[]\OT1/cmr/m/n/10.95 Mishchenko, Y. (2009).  Strate-gies for iden-ti-fy-ing ex-
act struc-ture of neu-
 []


Underfull \hbox (badness 10000) in paragraph at lines 307--312
\OT1/cmr/m/n/10.95 ral cir-cuits with broad light mi-croscopy con-nec-tiv-ity p
robes.  \OT1/cmr/m/it/10.95 Preprint:
 []

[26] [27]) [28] (./paper.aux) ) 
Here is how much of TeX's memory you used:
 3286 strings out of 95137
 43685 string characters out of 1183012
 2093510 words of memory out of 4548345
 6364 multiletter control sequences out of 10000+50000
 13506 words of font info for 49 fonts, out of 2000000 for 2000
 58 hyphenation exceptions out of 5000
 34i,13n,31p,1702b,305s stack positions out of 5000i,500n,6000p,200000b,40000s
PDF statistics:
 302 PDF objects out of 300000
 0 named destinations out of 131072
 96 words of extra memory for PDF output out of 10000
</usr/local/teTeX/share/texmf.tetex/fonts/type1/
bluesky/cm/cmbx9.pfb></usr/local/teTeX/share/texmf.tetex/fonts/type1/bluesky/cm
/cmbx8.pfb></usr/local/teTeX/share/texmf.tetex/fonts/type1/bluesky/cm/cmsy9.pfb
></usr/local/teTeX/share/texmf.tetex/fonts/type1/bluesky/cm/cmex10.pfb></usr/lo
cal/teTeX/share/texmf.tetex/fonts/type1/bluesky/cm/cmmi8.pfb></usr/local/teTeX/
share/texmf.tetex/fonts/type1/bluesky/cm/cmmi10.pfb></usr/local/teTeX/share/tex
mf.tetex/fonts/type1/bluesky/cm/cmmi6.pfb></usr/local/teTeX/share/texmf.tetex/f
onts/type1/bluesky/cm/cmmi9.pfb></usr/local/teTeX/share/texmf.tetex/fonts/type1
/bluesky/cm/cmsy10.pfb></usr/local/teTeX/share/texmf.tetex/fonts/type1/bluesky/
cm/cmr8.pfb></usr/local/teTeX/share/texmf.tetex/fonts/type1/bluesky/cm/cmti9.pf
b></usr/local/teTeX/share/texmf.tetex/fonts/type1/bluesky/cm/cmsy6.pfb></usr/lo
cal/teTeX/share/texmf.tetex/fonts/type1/bluesky/cm/cmti10.pfb></usr/local/teTeX
/share/texmf.tetex/fonts/type1/bluesky/cm/cmr10.pfb></usr/local/teTeX/share/tex
mf.tetex/fonts/type1/bluesky/cm/cmr6.pfb></usr/local/teTeX/share/texmf.tetex/fo
nts/type1/bluesky/cm/cmr9.pfb></usr/local/teTeX/share/texmf.tetex/fonts/type1/b
luesky/cm/cmsy8.pfb></usr/local/teTeX/share/texmf.tetex/fonts/type1/bluesky/cm/
cmcsc10.pfb></usr/local/teTeX/share/texmf.tetex/fonts/type1/bluesky/cm/cmbx10.p
fb></usr/local/teTeX/share/texmf.tetex/fonts/type1/bluesky/cm/cmti7.pfb>
Output written on paper.pdf (28 pages, 2476172 bytes).
