This is pdfeTeX, Version 3.141592-1.21a-2.2 (Web2C 7.5.4) (format=pdflatex 2009.4.16)  29 APR 2009 00:42
entering extended mode
**main
(./main.tex
LaTeX2e <2003/12/01>
Babel <v3.8d> and hyphenation patterns for american, french, german, ngerman, b
ahasa, basque, bulgarian, catalan, croatian, czech, danish, dutch, esperanto, e
stonian, finnish, greek, icelandic, irish, italian, latin, magyar, norsk, polis
h, portuges, romanian, russian, serbian, slovak, slovene, spanish, swedish, tur
kish, ukrainian, nohyphenation, loaded.
(/Users/joshyv/Research/misc/latex_paper.tex
(/opt/local/share/texmf-dist/tex/latex/base/article.cls
Document Class: article 2004/02/16 v1.4f Standard LaTeX document class
(/opt/local/share/texmf-dist/tex/latex/base/size10.clo
File: size10.clo 2004/02/16 v1.4f Standard LaTeX file (size option)
)
\c@part=\count79
\c@section=\count80
\c@subsection=\count81
\c@subsubsection=\count82
\c@paragraph=\count83
\c@subparagraph=\count84
\c@figure=\count85
\c@table=\count86
\abovecaptionskip=\skip41
\belowcaptionskip=\skip42
\bibindent=\dimen102
)
(/opt/local/share/texmf-dist/tex/latex/amsmath/amsmath.sty
Package: amsmath 2000/07/18 v2.13 AMS math features
\@mathmargin=\skip43

For additional information on amsmath, use the `?' option.
(/opt/local/share/texmf-dist/tex/latex/amsmath/amstext.sty
Package: amstext 2000/06/29 v2.01

(/opt/local/share/texmf-dist/tex/latex/amsmath/amsgen.sty
File: amsgen.sty 1999/11/30 v2.0
\@emptytoks=\toks14
\ex@=\dimen103
))
(/opt/local/share/texmf-dist/tex/latex/amsmath/amsbsy.sty
Package: amsbsy 1999/11/29 v1.2d
\pmbraise@=\dimen104
)
(/opt/local/share/texmf-dist/tex/latex/amsmath/amsopn.sty
Package: amsopn 1999/12/14 v2.01 operator names
)
\inf@bad=\count87
LaTeX Info: Redefining \frac on input line 211.
\uproot@=\count88
\leftroot@=\count89
LaTeX Info: Redefining \overline on input line 307.
\classnum@=\count90
\DOTSCASE@=\count91
LaTeX Info: Redefining \ldots on input line 379.
LaTeX Info: Redefining \dots on input line 382.
LaTeX Info: Redefining \cdots on input line 467.
\Mathstrutbox@=\box26
\strutbox@=\box27
\big@size=\dimen105
LaTeX Font Info:    Redeclaring font encoding OML on input line 567.
LaTeX Font Info:    Redeclaring font encoding OMS on input line 568.
\macc@depth=\count92
\c@MaxMatrixCols=\count93
\dotsspace@=\muskip10
\c@parentequation=\count94
\dspbrk@lvl=\count95
\tag@help=\toks15
\row@=\count96
\column@=\count97
\maxfields@=\count98
\andhelp@=\toks16
\eqnshift@=\dimen106
\alignsep@=\dimen107
\tagshift@=\dimen108
\tagwidth@=\dimen109
\totwidth@=\dimen110
\lineht@=\dimen111
\@envbody=\toks17
\multlinegap=\skip44
\multlinetaggap=\skip45
\mathdisplay@stack=\toks18
LaTeX Info: Redefining \[ on input line 2666.
LaTeX Info: Redefining \] on input line 2667.
)
(/opt/local/share/texmf-dist/tex/latex/graphics/graphicx.sty
Package: graphicx 1999/02/16 v1.0f Enhanced LaTeX Graphics (DPC,SPQR)

(/opt/local/share/texmf-dist/tex/latex/graphics/keyval.sty
Package: keyval 1999/03/16 v1.13 key=value parser (DPC)
\KV@toks@=\toks19
)
(/opt/local/share/texmf-dist/tex/latex/graphics/graphics.sty
Package: graphics 2001/07/07 v1.0n Standard LaTeX Graphics (DPC,SPQR)

(/opt/local/share/texmf-dist/tex/latex/graphics/trig.sty
Package: trig 1999/03/16 v1.09 sin cos tan (DPC)
)
(/opt/local/share/texmf-dist/tex/latex/graphics/graphics.cfg
File: graphics.cfg 2005/02/03 v1.3 graphics configuration of teTeX/TeXLive
)
Package graphics Info: Driver file: pdftex.def on input line 80.

(/opt/local/share/texmf-dist/tex/latex/graphics/pdftex.def
File: pdftex.def 2002/06/19 v0.03k graphics/color for pdftex
\Gread@gobject=\count99
))
\Gin@req@height=\dimen112
\Gin@req@width=\dimen113
)
(/opt/local/share/texmf-dist/tex/latex/amsfonts/amsfonts.sty
Package: amsfonts 2001/10/25 v2.2f
\symAMSa=\mathgroup4
\symAMSb=\mathgroup5
LaTeX Font Info:    Overwriting math alphabet `\mathfrak' in version `bold'
(Font)                  U/euf/m/n --> U/euf/b/n on input line 132.
)
(/opt/local/share/texmf-dist/tex/latex/amscls/amsthm.sty
Package: amsthm 2004/08/06 v2.20
\thm@style=\toks20
\thm@bodyfont=\toks21
\thm@headfont=\toks22
\thm@notefont=\toks23
\thm@headpunct=\toks24
\thm@preskip=\skip46
\thm@postskip=\skip47
\thm@headsep=\skip48
\dth@everypar=\toks25
)
(/opt/local/share/texmf-dist/tex/latex/algorithms/algorithm.sty
Package: algorithm 

Document Style `algorithm' - floating environment
(/opt/local/share/texmf-dist/tex/latex/float/float.sty
Package: float 2001/11/08 v1.3d Float enhancements (AL)
\c@float@type=\count100
\float@exts=\toks26
\float@box=\box28
\@float@everytoks=\toks27
\@floatcapt=\box29
)
(/opt/local/share/texmf-dist/tex/latex/base/ifthen.sty
Package: ifthen 2001/05/26 v1.1c Standard LaTeX ifthen package (DPC)
)
\@float@every@algorithm=\toks28
\c@algorithm=\count101
)
(/opt/local/share/texmf-dist/tex/latex/algorithms/algorithmic.sty
Package: algorithmic 

Document Style `algorithmic' - environment
(/opt/local/share/texmf-dist/tex/latex/tools/calc.sty
Package: calc 1998/07/07 v4.1b Infix arithmetic (KKT,FJ)
\calc@Acount=\count102
\calc@Bcount=\count103
\calc@Adimen=\dimen114
\calc@Bdimen=\dimen115
\calc@Askip=\skip49
\calc@Bskip=\skip50
LaTeX Info: Redefining \setlength on input line 59.
LaTeX Info: Redefining \addtolength on input line 60.
\calc@denominator=\count104
)
\c@ALC@line=\count105
\c@ALC@rem=\count106
\c@ALC@depth=\count107
\ALC@tlm=\skip51
)
(/opt/local/share/texmf-dist/tex/latex/psnfss/times.sty
Package: times 2004/09/15 PSNFSS-v9.2 (SPQR) 
)
(/opt/local/share/texmf-dist/tex/latex/fancyhdr/fancyhdr.sty
\fancy@headwidth=\skip52
\f@ncyO@elh=\skip53
\f@ncyO@erh=\skip54
\f@ncyO@olh=\skip55
\f@ncyO@orh=\skip56
\f@ncyO@elf=\skip57
\f@ncyO@erf=\skip58
\f@ncyO@olf=\skip59
\f@ncyO@orf=\skip60
)
(/Users/joshyv/Research/misc/latex_commands.tex
\c@thm=\count108
\c@defi=\count109
))
(/opt/local/share/texmf-dist/tex/latex/hyperref/hyperref.sty
Package: hyperref 2003/11/30 v6.74m Hypertext links for LaTeX
\@linkdim=\dimen116
\Hy@linkcounter=\count110
\Hy@pagecounter=\count111

(/opt/local/share/texmf-dist/tex/latex/hyperref/pd1enc.def
File: pd1enc.def 2003/11/30 v6.74m Hyperref: PDFDocEncoding definition (HO)
)
(/opt/local/share/texmf-dist/tex/latex/hyperref/hyperref.cfg
File: hyperref.cfg 2002/06/06 v1.2 hyperref configuration of TeXLive and teTeX
)
Package hyperref Info: Hyper figures OFF on input line 1880.
Package hyperref Info: Link nesting OFF on input line 1885.
Package hyperref Info: Hyper index ON on input line 1888.
Package hyperref Info: Plain pages ON on input line 1893.
Package hyperref Info: Backreferencing OFF on input line 1900.

Implicit mode ON; LaTeX internals redefined
Package hyperref Info: Bookmarks ON on input line 2004.
(/opt/local/share/texmf-local/tex/latex/html/url.sty
Package: url 1999/03/02  ver 1.4  Verb mode for urls, email addresses, and file
 names
)
LaTeX Info: Redefining \url on input line 2143.
\Fld@menulength=\count112
\Field@Width=\dimen117
\Fld@charsize=\dimen118
\Choice@toks=\toks29
\Field@toks=\toks30
Package hyperref Info: Hyper figures OFF on input line 2618.
Package hyperref Info: Link nesting OFF on input line 2623.
Package hyperref Info: Hyper index ON on input line 2626.
Package hyperref Info: backreferencing OFF on input line 2633.
Package hyperref Info: Link coloring OFF on input line 2638.
\c@Item=\count113
\c@Hfootnote=\count114
)
*hyperref using default driver hpdftex*
(/opt/local/share/texmf-dist/tex/latex/hyperref/hpdftex.def
File: hpdftex.def 2003/11/30 v6.74m Hyperref driver for pdfTeX

(/opt/local/share/texmf-dist/tex/latex/psnfss/pifont.sty
Package: pifont 2004/09/15 PSNFSS-v9.2 Pi font support (SPQR) 
LaTeX Font Info:    Try loading font information for U+pzd on input line 63.

(/opt/local/share/texmf-dist/tex/latex/psnfss/upzd.fd
File: upzd.fd 2001/06/04 font definitions for U/pzd.
)
LaTeX Font Info:    Try loading font information for U+psy on input line 64.

(/opt/local/share/texmf-dist/tex/latex/psnfss/upsy.fd
File: upsy.fd 2001/06/04 font definitions for U/psy.
))
\Fld@listcount=\count115
\@outlinefile=\write3
) (./main.aux)
\openout1 = `main.aux'.

LaTeX Font Info:    Checking defaults for OML/cmm/m/it on input line 19.
LaTeX Font Info:    ... okay on input line 19.
LaTeX Font Info:    Checking defaults for T1/cmr/m/n on input line 19.
LaTeX Font Info:    ... okay on input line 19.
LaTeX Font Info:    Checking defaults for OT1/cmr/m/n on input line 19.
LaTeX Font Info:    ... okay on input line 19.
LaTeX Font Info:    Checking defaults for OMS/cmsy/m/n on input line 19.
LaTeX Font Info:    ... okay on input line 19.
LaTeX Font Info:    Checking defaults for OMX/cmex/m/n on input line 19.
LaTeX Font Info:    ... okay on input line 19.
LaTeX Font Info:    Checking defaults for U/cmr/m/n on input line 19.
LaTeX Font Info:    ... okay on input line 19.
LaTeX Font Info:    Checking defaults for PD1/pdf/m/n on input line 19.
LaTeX Font Info:    ... okay on input line 19.
LaTeX Font Info:    Try loading font information for OT1+ptm on input line 19.

(/opt/local/share/texmf-dist/tex/latex/psnfss/ot1ptm.fd
File: ot1ptm.fd 2001/06/04 font definitions for OT1/ptm.
)
(/opt/local/share/texmf-dist/tex/context/base/supp-pdf.tex
(/opt/local/share/texmf-dist/tex/context/base/supp-mis.tex
loading : Context Support Macros / Miscellaneous (2004.10.26)
\protectiondepth=\count116
\scratchcounter=\count117
\scratchtoks=\toks31
\scratchdimen=\dimen119
\scratchskip=\skip61
\scratchmuskip=\muskip11
\scratchbox=\box30
\scratchread=\read1
\scratchwrite=\write4
\zeropoint=\dimen120
\onepoint=\dimen121
\onebasepoint=\dimen122
\minusone=\count118
\thousandpoint=\dimen123
\onerealpoint=\dimen124
\emptytoks=\toks32
\nextbox=\box31
\nextdepth=\dimen125
\everyline=\toks33
\!!counta=\count119
\!!countb=\count120
\recursecounter=\count121
)
loading : Context Support Macros / PDF (2004.03.26)
\nofMPsegments=\count122
\nofMParguments=\count123
\MPscratchCnt=\count124
\MPscratchDim=\dimen126
\MPnumerator=\count125
\everyMPtoPDFconversion=\toks34
)
Package hyperref Info: Link coloring OFF on input line 19.
 (/opt/local/share/texmf-dist/tex/latex/hyperref/nameref.sty
Package: nameref 2003/12/03 v2.21 Cross-referencing by name of section
\c@section@level=\count126
)
LaTeX Info: Redefining \ref on input line 19.
LaTeX Info: Redefining \pageref on input line 19.
 (./main.out)
(./main.out)
\openout3 = `main.out'.

LaTeX Font Info:    Try loading font information for U+msa on input line 22.
 (/opt/local/share/texmf-dist/tex/latex/amsfonts/umsa.fd
File: umsa.fd 2002/01/19 v2.2g AMS font definitions
)
LaTeX Font Info:    Try loading font information for U+msb on input line 22.

(/opt/local/share/texmf-dist/tex/latex/amsfonts/umsb.fd
File: umsb.fd 2002/01/19 v2.2g AMS font definitions
)
LaTeX Font Info:    Font shape `OT1/ptm/bx/n' in size <9> not available
(Font)              Font shape `OT1/ptm/b/n' tried instead on input line 23.
 (./abstract.tex)
LaTeX Font Info:    Font shape `OT1/ptm/bx/n' in size <14.4> not available
(Font)              Font shape `OT1/ptm/b/n' tried instead on input line 27.

(./introduction.tex) (./model.tex
LaTeX Font Info:    Font shape `OT1/ptm/bx/n' in size <12> not available
(Font)              Font shape `OT1/ptm/b/n' tried instead on input line 1.
 [1

{/opt/local/share/texmf-var/fonts/map/pdftex/updmap/pdftex.map}]) (./background
.tex
LaTeX Font Info:    Font shape `OT1/ptm/bx/n' in size <10> not available
(Font)              Font shape `OT1/ptm/b/n' tried instead on input line 8.
 [2] [3]) (./main_result.tex

LaTeX Warning: Citation `BJ08' on page 4 undefined on input line 1.


LaTeX Warning: Citation `DoucetGordon01' on page 4 undefined on input line 1.


LaTeX Warning: Citation `DoucetGordon01' on page 4 undefined on input line 1.


LaTeX Warning: Citation `Paninski04c' on page 4 undefined on input line 1.


LaTeX Warning: Citation `TruccoloBrown05' on page 4 undefined on input line 1.


LaTeX Warning: Citation `Pillow08' on page 4 undefined on input line 1.

! Undefined control sequence.
<argument> algorithm.\theHalgorithm 
                                    
l.1 ...oceed as described in Algorithm \ref{alg:1}
                                                  .  Note, we have assumed t...

? 

LaTeX Warning: Citation `BJ08' on page 4 undefined on input line 1.

Package hyperref Info: bookmark level for unknown algorithm defaults to 0 on in
put line 4.
LaTeX Font Info:    Try loading font information for OMS+ptm on input line 6.
(/opt/local/share/texmf-dist/tex/latex/psnfss/omsptm.fd
File: omsptm.fd 
)
LaTeX Font Info:    Font shape `OMS/ptm/m/n' in size <10> not available
(Font)              Font shape `OMS/cmsy/m/n' tried instead on input line 6.


LaTeX Warning: Citation `BJ08' on page 4 undefined on input line 10.


LaTeX Warning: Citation `BJ08' on page 4 undefined on input line 14.

<../figs/SimConnector.pdf, id=176, 449.68pt x 301.125pt>
File: ../figs/SimConnector.pdf Graphic file (type pdf)

<use ../figs/SimConnector.pdf>

LaTeX Warning: `!h' float specifier changed to `!ht'.

) (./yuriy_sim.tex [4]

LaTeX Warning: Reference `eqn:loglik:definition' on page 5 undefined on input l
ine 5.

[5 <../figs/SimConnector.pdf>] [6]) (./algorithms.tex

LaTeX Warning: Citation `BJ08' on page 7 undefined on input line 4.


Package hyperref Warning: Token not allowed in a PDFDocEncoded string,
(hyperref)                removing `\@ifnextchar' on input line 4.


Underfull \hbox (badness 10000) in paragraph at lines 7--8

 []


LaTeX Warning: Citation `BJ08' on page 7 undefined on input line 11.


Underfull \hbox (badness 10000) in paragraph at lines 13--14

 []


LaTeX Warning: Citation `BJ08' on page 7 undefined on input line 16.

[7]

LaTeX Warning: Citation `BJ08' on page 8 undefined on input line 34.


LaTeX Warning: Citation `PillowLatham07' on page 8 undefined on input line 46.


LaTeX Warning: Citation `GodsillWest01' on page 8 undefined on input line 74.


LaTeX Warning: Citation `KlaasFreitas05' on page 8 undefined on input line 74.

[8]

LaTeX Warning: Citation `Chen00' on page 9 undefined on input line 84.


LaTeX Warning: Citation `Green95' on page 9 undefined on input line 92.


LaTeX Warning: Citation `CarpenterFearnhead99' on page 9 undefined on input lin
e 92.


LaTeX Warning: Citation `Chen03' on page 9 undefined on input line 93.


LaTeX Warning: Citation `Liu96' on page 9 undefined on input line 112.


LaTeX Warning: Citation `NgDearden05' on page 9 undefined on input line 116.

)
No file main.bbl.
[9] (./main.aux)

LaTeX Warning: There were undefined references.

 ) 
Here is how much of TeX's memory you used:
 4472 strings out of 94500
 53045 string characters out of 1155413
 120105 words of memory out of 1000000
 7443 multiletter control sequences out of 10000+50000
 33754 words of font info for 78 fonts, out of 500000 for 2000
 580 hyphenation exceptions out of 1000
 31i,14n,43p,2077b,502s stack positions out of 1500i,500n,5000p,200000b,5000s
PDF statistics:
 275 PDF objects out of 300000
 85 named destinations out of 131072
 174 words of extra memory for PDF output out of 65536

! pdfTeX warning (dest): name{algorithm.} has been referenced but does not exis
t, replaced by a fixed one

</opt/local/share/texmf-dist/fonts/type1/bluesky/cm/cmr5.pfb></opt/local/share/
texmf-dist/fonts/type1/bluesky/cm/cmsy5.pfb></opt/local/share/texmf-dist/fonts/
type1/bluesky/cmextra/cmmib5.pfb></opt/local/share/texmf-dist/fonts/type1/blues
ky/cm/cmbx7.pfb></opt/local/share/texmf-dist/fonts/type1/bluesky/cm/cmbx10.pfb>
</opt/local/share/texmf-dist/fonts/type1/bluesky/cmextra/cmmib7.pfb>{/opt/local
/share/texmf-dist/fonts/enc/dvips/psnfss/8r.enc}</opt/local/share/texmf-dist/fo
nts/type1/urw/times/utmri8a.pfb></opt/local/share/texmf-dist/fonts/type1/bluesk
y/cm/cmmi5.pfb></opt/local/share/texmf-dist/fonts/type1/bluesky/cm/cmex10.pfb><
/opt/local/share/texmf-dist/fonts/type1/urw/times/utmr8a.pfb></opt/local/share/
texmf-dist/fonts/type1/bluesky/cm/cmsy7.pfb></opt/local/share/texmf-dist/fonts/
type1/bluesky/cm/cmmib10.pfb></opt/local/share/texmf-dist/fonts/type1/bluesky/c
m/cmr7.pfb></opt/local/share/texmf-dist/fonts/type1/bluesky/symbols/msbm10.pfb>
</opt/local/share/texmf-dist/fonts/type1/bluesky/cm/cmsy10.pfb></opt/local/shar
e/texmf-dist/fonts/type1/bluesky/cm/cmmi7.pfb></opt/local/share/texmf-dist/font
s/type1/bluesky/cm/cmmi10.pfb></opt/local/share/texmf-dist/fonts/type1/bluesky/
cm/cmr10.pfb></opt/local/share/texmf-dist/fonts/type1/urw/times/utmb8a.pfb></op
t/local/share/texmf-dist/fonts/type1/urw/times/utmr8a.pfb>
Output written on main.pdf (9 pages, 227736 bytes).
