This is pdfeTeX, Version 3.141592-1.21a-2.2 (Web2C 7.5.4) (format=pdflatex 2009.4.16)  10 AUG 2009 11:11
entering extended mode
**main
(./main.tex
LaTeX2e <2003/12/01>
Babel <v3.8d> and hyphenation patterns for american, french, german, ngerman, b
ahasa, basque, bulgarian, catalan, croatian, czech, danish, dutch, esperanto, e
stonian, finnish, greek, icelandic, irish, italian, latin, magyar, norsk, polis
h, portuges, romanian, russian, serbian, slovak, slovene, spanish, swedish, tur
kish, ukrainian, nohyphenation, loaded.
(/opt/local/share/texmf-dist/tex/latex/base/article.cls
Document Class: article 2004/02/16 v1.4f Standard LaTeX document class
(/opt/local/share/texmf-dist/tex/latex/base/size11.clo
File: size11.clo 2004/02/16 v1.4f Standard LaTeX file (size option)
)
\c@part=\count79
\c@section=\count80
\c@subsection=\count81
\c@subsubsection=\count82
\c@paragraph=\count83
\c@subparagraph=\count84
\c@figure=\count85
\c@table=\count86
\abovecaptionskip=\skip41
\belowcaptionskip=\skip42
\bibindent=\dimen102
)
(/opt/local/share/texmf-dist/tex/latex/a4wide/a4wide.sty
Package: a4wide 1994/08/30

(/opt/local/share/texmf-dist/tex/latex/ntgclass/a4.sty
Package: a4 2004/04/15 v1.2g A4 based page layout
))
(/opt/local/share/texmf-dist/tex/latex/germbib/apalike.sty
\bibhang=\skip43
)
(/opt/local/share/texmf-dist/tex/latex/algorithms/algorithm.sty
Package: algorithm 

Document Style `algorithm' - floating environment
(/opt/local/share/texmf-dist/tex/latex/float/float.sty
Package: float 2001/11/08 v1.3d Float enhancements (AL)
\c@float@type=\count87
\float@exts=\toks14
\float@box=\box26
\@float@everytoks=\toks15
\@floatcapt=\box27
)
(/opt/local/share/texmf-dist/tex/latex/base/ifthen.sty
Package: ifthen 2001/05/26 v1.1c Standard LaTeX ifthen package (DPC)
)
\@float@every@algorithm=\toks16
\c@algorithm=\count88
) (./algpseudocode.sty
Package: algpseudocode 

(./algorithmicx.sty
Package: algorithmicx 2005/04/27 v1.2 Algorithmicx

Document Style algorithmicx 1.2 - a greatly improved `algorithmic' style
\c@ALG@line=\count89
\c@ALG@rem=\count90
\c@ALG@nested=\count91
\ALG@tlm=\skip44
\ALG@thistlm=\skip45
\c@ALG@Lnr=\count92
\c@ALG@blocknr=\count93
\c@ALG@storecount=\count94
\c@ALG@tmpcounter=\count95
\ALG@tmplength=\skip46
)
Document Style - pseudocode environments for use with the `algorithmicx' style
) (/opt/local/share/texmf-dist/tex/latex/graphics/graphicx.sty
Package: graphicx 1999/02/16 v1.0f Enhanced LaTeX Graphics (DPC,SPQR)

(/opt/local/share/texmf-dist/tex/latex/graphics/keyval.sty
Package: keyval 1999/03/16 v1.13 key=value parser (DPC)
\KV@toks@=\toks17
)
(/opt/local/share/texmf-dist/tex/latex/graphics/graphics.sty
Package: graphics 2001/07/07 v1.0n Standard LaTeX Graphics (DPC,SPQR)

(/opt/local/share/texmf-dist/tex/latex/graphics/trig.sty
Package: trig 1999/03/16 v1.09 sin cos tan (DPC)
)
(/opt/local/share/texmf-dist/tex/latex/graphics/graphics.cfg
File: graphics.cfg 2005/02/03 v1.3 graphics configuration of teTeX/TeXLive
)
Package graphics Info: Driver file: pdftex.def on input line 80.

(/opt/local/share/texmf-dist/tex/latex/graphics/pdftex.def
File: pdftex.def 2002/06/19 v0.03k graphics/color for pdftex
\Gread@gobject=\count96
))
\Gin@req@height=\dimen103
\Gin@req@width=\dimen104
)
(/opt/local/share/texmf-dist/tex/latex/amsmath/amsmath.sty
Package: amsmath 2000/07/18 v2.13 AMS math features
\@mathmargin=\skip47

For additional information on amsmath, use the `?' option.
(/opt/local/share/texmf-dist/tex/latex/amsmath/amstext.sty
Package: amstext 2000/06/29 v2.01

(/opt/local/share/texmf-dist/tex/latex/amsmath/amsgen.sty
File: amsgen.sty 1999/11/30 v2.0
\@emptytoks=\toks18
\ex@=\dimen105
))
(/opt/local/share/texmf-dist/tex/latex/amsmath/amsbsy.sty
Package: amsbsy 1999/11/29 v1.2d
\pmbraise@=\dimen106
)
(/opt/local/share/texmf-dist/tex/latex/amsmath/amsopn.sty
Package: amsopn 1999/12/14 v2.01 operator names
)
\inf@bad=\count97
LaTeX Info: Redefining \frac on input line 211.
\uproot@=\count98
\leftroot@=\count99
LaTeX Info: Redefining \overline on input line 307.
\classnum@=\count100
\DOTSCASE@=\count101
LaTeX Info: Redefining \ldots on input line 379.
LaTeX Info: Redefining \dots on input line 382.
LaTeX Info: Redefining \cdots on input line 467.
\Mathstrutbox@=\box28
\strutbox@=\box29
\big@size=\dimen107
LaTeX Font Info:    Redeclaring font encoding OML on input line 567.
LaTeX Font Info:    Redeclaring font encoding OMS on input line 568.
\macc@depth=\count102
\c@MaxMatrixCols=\count103
\dotsspace@=\muskip10
\c@parentequation=\count104
\dspbrk@lvl=\count105
\tag@help=\toks19
\row@=\count106
\column@=\count107
\maxfields@=\count108
\andhelp@=\toks20
\eqnshift@=\dimen108
\alignsep@=\dimen109
\tagshift@=\dimen110
\tagwidth@=\dimen111
\totwidth@=\dimen112
\lineht@=\dimen113
\@envbody=\toks21
\multlinegap=\skip48
\multlinetaggap=\skip49
\mathdisplay@stack=\toks22
LaTeX Info: Redefining \[ on input line 2666.
LaTeX Info: Redefining \] on input line 2667.
)
(/opt/local/share/texmf-dist/tex/latex/amsfonts/amsfonts.sty
Package: amsfonts 2001/10/25 v2.2f
\symAMSa=\mathgroup4
\symAMSb=\mathgroup5
LaTeX Font Info:    Overwriting math alphabet `\mathfrak' in version `bold'
(Font)                  U/euf/m/n --> U/euf/b/n on input line 132.
)
(/opt/local/share/texmf-dist/tex/latex/amscls/amsthm.sty
Package: amsthm 2004/08/06 v2.20
\thm@style=\toks23
\thm@bodyfont=\toks24
\thm@headfont=\toks25
\thm@notefont=\toks26
\thm@headpunct=\toks27
\thm@preskip=\skip50
\thm@postskip=\skip51
\thm@headsep=\skip52
\dth@everypar=\toks28
) (./main.aux

LaTeX Warning: Label `fig:data_schematic' multiply defined.

)
\openout1 = `main.aux'.

LaTeX Font Info:    Checking defaults for OML/cmm/m/it on input line 44.
LaTeX Font Info:    ... okay on input line 44.
LaTeX Font Info:    Checking defaults for T1/cmr/m/n on input line 44.
LaTeX Font Info:    ... okay on input line 44.
LaTeX Font Info:    Checking defaults for OT1/cmr/m/n on input line 44.
LaTeX Font Info:    ... okay on input line 44.
LaTeX Font Info:    Checking defaults for OMS/cmsy/m/n on input line 44.
LaTeX Font Info:    ... okay on input line 44.
LaTeX Font Info:    Checking defaults for OMX/cmex/m/n on input line 44.
LaTeX Font Info:    ... okay on input line 44.
LaTeX Font Info:    Checking defaults for U/cmr/m/n on input line 44.
LaTeX Font Info:    ... okay on input line 44.
 (/opt/local/share/texmf-dist/tex/context/base/supp-pdf.tex
(/opt/local/share/texmf-dist/tex/context/base/supp-mis.tex
loading : Context Support Macros / Miscellaneous (2004.10.26)
\protectiondepth=\count109
\scratchcounter=\count110
\scratchtoks=\toks29
\scratchdimen=\dimen114
\scratchskip=\skip53
\scratchmuskip=\muskip11
\scratchbox=\box30
\scratchread=\read1
\scratchwrite=\write3
\zeropoint=\dimen115
\onepoint=\dimen116
\onebasepoint=\dimen117
\minusone=\count111
\thousandpoint=\dimen118
\onerealpoint=\dimen119
\emptytoks=\toks30
\nextbox=\box31
\nextdepth=\dimen120
\everyline=\toks31
\!!counta=\count112
\!!countb=\count113
\recursecounter=\count114
)
loading : Context Support Macros / PDF (2004.03.26)
\nofMPsegments=\count115
\nofMParguments=\count116
\MPscratchCnt=\count117
\MPscratchDim=\dimen121
\MPnumerator=\count118
\everyMPtoPDFconversion=\toks32
)
LaTeX Font Info:    Try loading font information for U+msa on input line 70.
 (/opt/local/share/texmf-dist/tex/latex/amsfonts/umsa.fd
File: umsa.fd 2002/01/19 v2.2g AMS font definitions
)
LaTeX Font Info:    Try loading font information for U+msb on input line 70.

(/opt/local/share/texmf-dist/tex/latex/amsfonts/umsb.fd
File: umsb.fd 2002/01/19 v2.2g AMS font definitions
) (./main.toc)
\tf@toc=\write4
\openout4 = `main.toc'.


(./abstract.tex) [1

{/opt/local/share/texmf-var/fonts/map/pdftex/updmap/pdftex.map}] (./intro.tex

LaTeX Warning: Citation ` Braitenberg1998' on page 2 undefined on input line 3.



LaTeX Warning: Citation ` Iyer06' on page 2 undefined on input line 3.


LaTeX Warning: Citation ` SalomeBourdieu06' on page 2 undefined on input line 3
.


LaTeX Warning: Citation ` ReddySaggau08' on page 2 undefined on input line 3.

[2] <../figs/yuri-paper-schematic.pdf, id=41, 794.97pt x 614.295pt>
File: ../figs/yuri-paper-schematic.pdf Graphic file (type pdf)

<use ../figs/yuri-paper-schematic.pdf>) (./methods.tex

LaTeX Warning: Citation ` CSK88' on page 3 undefined on input line 10.


LaTeX Warning: Citation ` BRIL92' on page 3 undefined on input line 10.


LaTeX Warning: Citation ` PG00' on page 3 undefined on input line 10.


LaTeX Warning: Citation ` PILL07' on page 3 undefined on input line 10.


LaTeX Warning: Citation ` PAN03d' on page 3 undefined on input line 10.


LaTeX Warning: Citation ` PAN04c' on page 3 undefined on input line 10.


LaTeX Warning: Citation ` Rigat06' on page 3 undefined on input line 10.


LaTeX Warning: Citation ` TRUC05' on page 3 undefined on input line 10.


LaTeX Warning: Citation `NYK06' on page 3 undefined on input line 10.


LaTeX Warning: Citation `KP06' on page 3 undefined on input line 10.


LaTeX Warning: Citation `Vidne08' on page 3 undefined on input line 10.


LaTeX Warning: Citation `Stevenson2009' on page 3 undefined on input line 10.

[3] [4 <../figs/yuri-paper-schematic.pdf>]
<../figs/fr_vs_J.pdf, id=106, 505.89pt x 289.08pt>
File: ../figs/fr_vs_J.pdf Graphic file (type pdf)
 <use ../figs/fr_vs_J.pdf>
[5 <../figs/fr_vs_J.pdf>]
Overfull \hbox (38.28987pt too wide) in paragraph at lines 56--56
[] 
 []

[6]
Overfull \hbox (4.6977pt too wide) in paragraph at lines 74--74
[]\OT1/cmr/bx/n/12 Initialization of ``in-ter-nal'' pa-ram-e-ters via se-quen-t
ial Monte Carlo meth-
 []


Overfull \hbox (25.76118pt too wide) in paragraph at lines 86--86
[] 
 []

[7]
Overfull \hbox (50.0147pt too wide) in paragraph at lines 95--99
\OT1/cmr/m/n/10.95 where $\OML/cmm/m/it/10.95 r[]\OT1/cmr/m/n/10.95 (\OML/cmm/m
/it/10.95 t; t \OMS/cmsy/m/n/10.95 ^^@ \OT1/cmr/m/n/10.95 ^^A)$ de-notes the we
ight at-tached to the par-ti-cle pair with po-si-tions $[]$. 
 []

[8]
Overfull \hbox (11.18362pt too wide) in paragraph at lines 171--172
[]\OT1/cmr/m/n/10.95 We can ap-ply this embedded-chain method quite di-rectly h
ere to sam-ple from $\OML/cmm/m/it/10.95 P\OT1/cmr/m/n/10.95 [\OML/cmm/m/it/10.
95 X[]\OMS/cmsy/m/n/10.95 j\OT1/cmr/bx/n/10.95 X[]\OML/cmm/m/it/10.95 ; \OT1/cm
r/bx/n/10.95 F\OT1/cmr/m/n/10.95 ; \OML/cmm/m/it/10.95 ^^R\OT1/cmr/m/n/10.95 ]$
.
 []

[9]
Overfull \hbox (3.83298pt too wide) in paragraph at lines 211--225
\OT1/cmr/m/n/10.95 Enforcing sparse-ness for sig-nal re-cov-ered with a se-ries
 of lin-ear mea-sure-ments via $\OML/cmm/m/it/10.95 L\OT1/cmr/m/n/10.95 1$-regu
larizer
 []

[10] [11]
File: ../figs/yuri-paper-schematic.pdf Graphic file (type pdf)
 <use ../figs/yuri-paper-schematic.pdf>

LaTeX Warning: `h' float specifier changed to `ht'.

) (./results.tex

LaTeX Warning: Citation ` Urquijo2000' on page 12 undefined on input line 3.


LaTeX Warning: Citation ` Lefort2009' on page 12 undefined on input line 3.


LaTeX Warning: Citation ` Sayer1990' on page 12 undefined on input line 3.


LaTeX Warning: Citation ` Urquijo2000' on page 12 undefined on input line 5.


LaTeX Warning: Citation ` Lefort2009' on page 12 undefined on input line 5.


LaTeX Warning: Citation ` Sayer1990' on page 12 undefined on input line 5.

[12] [13]
Overfull \hbox (35.78934pt too wide) in paragraph at lines 46--47
\OT1/cmr/m/n/10.95 cence data. Specif-i-cally, we es-ti-mated the con-nec-tiv-i
ty ma-trix by max-i-miz-ing $\OML/cmm/m/it/10.95 E\OT1/cmr/m/n/10.95 [[] \OML/c
mm/m/it/10.95 P\OT1/cmr/m/n/10.95 [\OML/cmm/m/it/10.95 n[]\OT1/cmr/m/n/10.95 (\
OML/cmm/m/it/10.95 t\OT1/cmr/m/n/10.95 )\OMS/cmsy/m/n/10.95 j\OT1/cmr/bx/n/10.9
5 h\OT1/cmr/m/n/10.95 (\OML/cmm/m/it/10.95 t\OT1/cmr/m/n/10.95 ); \OML/cmm/m/it
/10.95 b[]; \OT1/cmr/bx/n/10.95 w[]\OT1/cmr/m/n/10.95 ]]$
 []

<../figs/example_traces.pdf, id=158, 505.89pt x 216.81pt>
File: ../figs/example_traces.pdf Graphic file (type pdf)

<use ../figs/example_traces.pdf> [14]
<../figs/FigureA3_scatter_three.pdf, id=162, 420.57124pt x 316.18124pt>
File: ../figs/FigureA3_scatter_three.pdf Graphic file (type pdf)

<use ../figs/FigureA3_scatter_three.pdf>
<../figs/FigureA3_scatter_three_corrected.pdf, id=163, 420.57124pt x 316.18124p
t>
File: ../figs/FigureA3_scatter_three_corrected.pdf Graphic file (type pdf)
 <use ../figs/FigureA3_scatter_three_corrected.pdf>

LaTeX Warning: `h' float specifier changed to `ht'.

[15 <../figs/example_traces.pdf>]

LaTeX Warning: Citation `VogPan09' on page 16 undefined on input line 99.

[16 <../figs/FigureA3_scatter_three.pdf> <../figs/FigureA3_scatter_three_correc
ted.pdf>] <../figs/FigureA4_scale_bias.pdf, id=188, 420.57124pt x 316.18124pt>
File: ../figs/FigureA4_scale_bias.pdf Graphic file (type pdf)

<use ../figs/FigureA4_scale_bias.pdf>
<../figs/FigureA5_recvar.pdf, id=189, 420.57124pt x 316.18124pt>
File: ../figs/FigureA5_recvar.pdf Graphic file (type pdf)

<use ../figs/FigureA5_recvar.pdf>

LaTeX Warning: `h' float specifier changed to `ht'.

<../figs/FigureA6_recvar_SNR.pdf, id=190, 448.43805pt x 375.43651pt>
File: ../figs/FigureA6_recvar_SNR.pdf Graphic file (type pdf)

<use ../figs/FigureA6_recvar_SNR.pdf>

LaTeX Warning: `h' float specifier changed to `ht'.

<../figs/FigureA7_recvar_NT.pdf, id=191, 420.57124pt x 316.18124pt>
File: ../figs/FigureA7_recvar_NT.pdf Graphic file (type pdf)

<use ../figs/FigureA7_recvar_NT.pdf>

LaTeX Warning: `h' float specifier changed to `ht'.


LaTeX Warning: Citation ` ReddySaggau05' on page 17 undefined on input line 136
.


LaTeX Warning: Citation ` Iyer06' on page 17 undefined on input line 136.


LaTeX Warning: Citation ` SalomeBourdieu06' on page 17 undefined on input line 
136.


LaTeX Warning: Citation ` ReddySaggau08' on page 17 undefined on input line 136
.

[17 <../figs/FigureA4_scale_bias.pdf>]
Overfull \hbox (60.19464pt too wide) detected at line 163
[]
 []

[18 <../figs/FigureA5_recvar.pdf>]
<../figs/FigureA10_regular_sol.pdf, id=209, 420.57124pt x 316.18124pt>
File: ../figs/FigureA10_regular_sol.pdf Graphic file (type pdf)

<use ../figs/FigureA10_regular_sol.pdf>
<../figs/FigureA10_sparse_sol.pdf, id=210, 420.57124pt x 316.18124pt>
File: ../figs/FigureA10_sparse_sol.pdf Graphic file (type pdf)

<use ../figs/FigureA10_sparse_sol.pdf>

LaTeX Warning: `h' float specifier changed to `ht'.

<../figs/FigureA3_hist_glm200.pdf, id=211, 420.57124pt x 316.18124pt>
File: ../figs/FigureA3_hist_glm200.pdf Graphic file (type pdf)

<use ../figs/FigureA3_hist_glm200.pdf>
<../figs/FigureA3_hist_spa200.pdf, id=212, 420.57124pt x 316.18124pt>
File: ../figs/FigureA3_hist_spa200.pdf Graphic file (type pdf)

<use ../figs/FigureA3_hist_spa200.pdf>

LaTeX Warning: `h' float specifier changed to `ht'.

[19 <../figs/FigureA6_recvar_SNR.pdf>]
<../figs/Figure7b_raster_weak.pdf, id=242, 420.57124pt x 313.17pt>
File: ../figs/Figure7b_raster_weak.pdf Graphic file (type pdf)

<use ../figs/Figure7b_raster_weak.pdf>
<../figs/Figure7a_raster_strong.pdf, id=243, 420.57124pt x 294.09875pt>
File: ../figs/Figure7a_raster_strong.pdf Graphic file (type pdf)

<use ../figs/Figure7a_raster_strong.pdf>
<../figs/FigureA8_weak_corr.pdf, id=244, 420.57124pt x 316.18124pt>
File: ../figs/FigureA8_weak_corr.pdf Graphic file (type pdf)

<use ../figs/FigureA8_weak_corr.pdf>
<../figs/FigureA8_strong_corr.pdf, id=245, 420.57124pt x 316.18124pt>
File: ../figs/FigureA8_strong_corr.pdf Graphic file (type pdf)

<use ../figs/FigureA8_strong_corr.pdf>

LaTeX Warning: `h' float specifier changed to `ht'.

<../figs/FigureA9_all_same_sol.pdf, id=246, 420.57124pt x 316.18124pt>
File: ../figs/FigureA9_all_same_sol.pdf Graphic file (type pdf)

<use ../figs/FigureA9_all_same_sol.pdf>
<../figs/FigureA9_variable_25.pdf, id=247, 420.57124pt x 316.18124pt>
File: ../figs/FigureA9_variable_25.pdf Graphic file (type pdf)

<use ../figs/FigureA9_variable_25.pdf>

LaTeX Warning: `h' float specifier changed to `ht'.

[20 <../figs/FigureA7_recvar_NT.pdf>]) (./discussion.tex

LaTeX Warning: Citation `Chlovksii' on page 21 undefined on input line 1.

[21 <../figs/FigureA10_regular_sol.pdf> <../figs/FigureA10_sparse_sol.pdf>]

LaTeX Warning: Citation `emory' on page 22 undefined on input line 3.


LaTeX Warning: Citation ` liam' on page 22 undefined on input line 3.


LaTeX Warning: Citation ` Garofalo' on page 22 undefined on input line 3.


LaTeX Warning: Citation ` Vakorina' on page 22 undefined on input line 3.


LaTeX Warning: Citation ` etc.' on page 22 undefined on input line 3.

[22 <../figs/FigureA3_hist_glm200.pdf> <../figs/FigureA3_hist_spa200.pdf>]

LaTeX Warning: Citation `Duane 1 and 2' on page 23 undefined on input line 5.


LaTeX Warning: Citation ` liam' on page 23 undefined on input line 5.

LaTeX Font Info:    Try loading font information for OMS+cmr on input line 15.
(/opt/local/share/texmf-dist/tex/latex/base/omscmr.fd
File: omscmr.fd 1999/05/25 v2.5h Standard LaTeX font definitions
)
LaTeX Font Info:    Font shape `OMS/cmr/m/n' in size <10.95> not available
(Font)              Font shape `OMS/cmsy/m/n' tried instead on input line 15.

Overfull \hbox (7.20935pt too wide) in paragraph at lines 19--20
[]\OT1/cmr/m/n/10.95 we can mea-sure un-cer-tainty in es-ti-mates, and use phot
o-stimulation to ac-ti-vate/deactivate
 []

) (./main.bbl [23] [24]
Underfull \hbox (badness 10000) in paragraph at lines 175--180
[]\OT1/cmr/m/n/10.95 Mishchenko, Y. (2009).  Strate-gies for iden-ti-fy-ing ex-
act struc-ture of neu-
 []


Underfull \hbox (badness 10000) in paragraph at lines 175--180
\OT1/cmr/m/n/10.95 ral cir-cuits with broad light mi-croscopy con-nec-tiv-ity p
robes.  \OT1/cmr/m/it/10.95 Preprint:
 []

[25] [26]) [27] [28 <../figs/Figure7b_raster_weak.pdf> <../figs/Figure7a_raster
_strong.pdf> <../figs/FigureA8_weak_corr.pdf> <../figs/FigureA8_strong_corr.pdf
>] [29 <../figs/FigureA9_all_same_sol.pdf> <../figs/FigureA9_variable_25.pdf>]
(./main.aux)

LaTeX Warning: There were multiply-defined labels.

 ) 
Here is how much of TeX's memory you used:
 2605 strings out of 94500
 34789 string characters out of 1155413
 88669 words of memory out of 1000000
 5697 multiletter control sequences out of 10000+50000
 15889 words of font info for 61 fonts, out of 500000 for 2000
 580 hyphenation exceptions out of 1000
 27i,10n,23p,2480b,274s stack positions out of 1500i,500n,5000p,200000b,5000s
PDF statistics:
 338 PDF objects out of 300000
 0 named destinations out of 131072
 96 words of extra memory for PDF output out of 65536
</opt/local/share/texmf-dist/fonts/type1/bluesky/cm/cmr7.pfb></opt/local/shar
e/texmf-dist/fonts/type1/bluesky/cm/cmsy6.pfb></opt/local/share/texmf-dist/font
s/type1/bluesky/cm/cmmi6.pfb></opt/local/share/texmf-dist/fonts/type1/bluesky/c
m/cmsy8.pfb></opt/local/share/texmf-dist/fonts/type1/bluesky/cm/cmbx8.pfb></opt
/local/share/texmf-dist/fonts/type1/bluesky/cm/cmex10.pfb></opt/local/share/tex
mf-dist/fonts/type1/bluesky/cm/cmmi8.pfb></opt/local/share/texmf-dist/fonts/typ
e1/bluesky/cm/cmr9.pfb></opt/local/share/texmf-dist/fonts/type1/bluesky/cm/cmr6
.pfb></opt/local/share/texmf-dist/fonts/type1/bluesky/cm/cmr8.pfb></opt/local/s
hare/texmf-dist/fonts/type1/bluesky/cm/cmmi10.pfb></opt/local/share/texmf-dist/
fonts/type1/bluesky/cm/cmti10.pfb></opt/local/share/texmf-dist/fonts/type1/blue
sky/cm/cmsy10.pfb></opt/local/share/texmf-dist/fonts/type1/bluesky/cm/cmr10.pfb
></opt/local/share/texmf-dist/fonts/type1/bluesky/cm/cmbx10.pfb></opt/local/sha
re/texmf-dist/fonts/type1/bluesky/cm/cmbx12.pfb></opt/local/share/texmf-dist/fo
nts/type1/bluesky/cm/cmr12.pfb></opt/local/share/texmf-dist/fonts/type1/bluesky
/cm/cmr17.pfb>
Output written on main.pdf (29 pages, 2241206 bytes).
