This is pdfeTeXk, Version 3.141592-1.21a-2.2 (Web2C 7.5.4) (format=pdflatex 2009.4.16)  8 JUL 2009 13:44
entering extended mode
 file:line:error style messages enabled.
**simulation_and_inference3.tex
(./simulation_and_inference3.tex
LaTeX2e <2003/12/01>
Babel <v3.8d> and hyphenation patterns for american, french, german, ngerman, b
ahasa, basque, bulgarian, catalan, croatian, czech, danish, dutch, esperanto, e
stonian, finnish, greek, icelandic, irish, italian, latin, magyar, norsk, polis
h, portuges, romanian, russian, serbian, slovak, slovene, spanish, swedish, tur
kish, ukrainian, nohyphenation, loaded.
(/opt/local/share/texmf-dist/tex/latex/revtex4/revtex4.cls
Document Class: revtex4 2001/08/03 v4.0 (http://publish.aps.org/revtex4/ for do
cumentation)
 Copyright (c) 2001 The American Physical Society.
 mailto:revtex@aps.org
 Licensed under the LPPL:
http://www.ctan.org/tex-archive/macros/latex/base/lppl.txt
 Arthur Ogawa <ogawa@teleport.com>
 Based on work by David Carlisle <david@dcarlisle.demon.co.uk>.
ltxutil: portions licensed from W. E. Baxter (web@superscript.com)
Class revtex4 Info: Repairing broken LateX \@sect on input line 596.
\intertabularlinepenalty=\count79
\@tbpen=\count80
\@arstrutbox@hline=\box26
Class revtex4 Info: Repairing broken LaTeX \@xbitor on input line 1610.
ltxgrid: portions licensed from W. E. Baxter (web@superscript.com)
\c@linecount=\count81
\output=\toks14
\@protection@box=\box27
\@topmark@saved=\toks15
\footins@saved=\box28
\pagesofar=\box29
\footbox=\box30
\pagegrid@col=\count82
Class revtex4 Info: Incorporating package {textcase}  [1998/11/12 v0.06 Text on
ly upper/lower case changing (DPC)]. on input line 3682.
(/opt/local/share/texmf-local/tex/latex/html/url.sty
Package: url 1999/03/02  ver 1.4  Verb mode for urls, email addresses, and file
 names
)
\c@affil=\count83
\absbox=\box31
\c@part=\count84
\c@section=\count85
\c@subsection=\count86
\c@subsubsection=\count87
\c@paragraph=\count88
\c@subparagraph=\count89
\abovecaptionskip=\skip41
\belowcaptionskip=\skip42
\c@figure=\count90
\c@table=\count91

(/opt/local/share/texmf-dist/tex/latex/natbib/natbib.sty
Package: natbib 2003/06/06 7.1 (PWD)
\bibhang=\skip43
\bibsep=\skip44
LaTeX Info: Redefining \cite on input line 518.
\c@NAT@ctr=\count92
)
\widetext@top=\box32
\widetext@bot=\box33

(/opt/local/share/texmf-dist/tex/latex/revtex4/revsymb.sty
Package: revsymb 2001/08/03 v4.0 (http://publish.aps.org/revtex4/ for documenta
tion)
LaTeX Info: Redefining \REV@mathfrak on input line 118.
))
(/opt/local/share/texmf-dist/tex/latex/amsfonts/amssymb.sty
Package: amssymb 2002/01/22 v2.2d

(/opt/local/share/texmf-dist/tex/latex/amsfonts/amsfonts.sty
Package: amsfonts 2001/10/25 v2.2f
\@emptytoks=\toks16
\symAMSa=\mathgroup4
\symAMSb=\mathgroup5
LaTeX Font Info:    Overwriting math alphabet `\mathfrak' in version `bold'
(Font)                  U/euf/m/n --> U/euf/b/n on input line 132.
LaTeX Info: Redefining \frak on input line 135.
LaTeX Info: Redefining \Bbb on input line 137.
))
(/opt/local/share/texmf-dist/tex/latex/amsmath/amsmath.sty
Package: amsmath 2000/07/18 v2.13 AMS math features
\@mathmargin=\skip45

For additional information on amsmath, use the `?' option.
(/opt/local/share/texmf-dist/tex/latex/amsmath/amstext.sty
Package: amstext 2000/06/29 v2.01

(/opt/local/share/texmf-dist/tex/latex/amsmath/amsgen.sty
File: amsgen.sty 1999/11/30 v2.0
\@emptytoks=\toks17
\ex@=\dimen102
))
(/opt/local/share/texmf-dist/tex/latex/amsmath/amsbsy.sty
Package: amsbsy 1999/11/29 v1.2d
\pmbraise@=\dimen103
)
(/opt/local/share/texmf-dist/tex/latex/amsmath/amsopn.sty
Package: amsopn 1999/12/14 v2.01 operator names
)
\inf@bad=\count93
LaTeX Info: Redefining \frac on input line 211.
\uproot@=\count94
\leftroot@=\count95
LaTeX Info: Redefining \overline on input line 307.
\classnum@=\count96
\DOTSCASE@=\count97
LaTeX Info: Redefining \ldots on input line 379.
LaTeX Info: Redefining \dots on input line 382.
LaTeX Info: Redefining \cdots on input line 467.
\Mathstrutbox@=\box34
\strutbox@=\box35
\big@size=\dimen104
LaTeX Font Info:    Redeclaring font encoding OML on input line 567.
LaTeX Font Info:    Redeclaring font encoding OMS on input line 568.
\macc@depth=\count98
\c@MaxMatrixCols=\count99
\dotsspace@=\muskip10
\c@parentequation=\count100
\dspbrk@lvl=\count101
\tag@help=\toks18
\row@=\count102
\column@=\count103
\maxfields@=\count104
\andhelp@=\toks19
\eqnshift@=\dimen105
\alignsep@=\dimen106
\tagshift@=\dimen107
\tagwidth@=\dimen108
\totwidth@=\dimen109
\lineht@=\dimen110
\@envbody=\toks20
\multlinegap=\skip46
\multlinetaggap=\skip47
\mathdisplay@stack=\toks21
LaTeX Info: Redefining \[ on input line 2666.
LaTeX Info: Redefining \] on input line 2667.
)

Class revtex4 Warning: No Society specified, using generic APS style.

(/opt/local/share/texmf-dist/tex/latex/revtex4/aps.rtx
File: aps.rtx 2001/08/03 v4.0 (http://publish.aps.org/revtex4/ for documentatio
n)
)
(/opt/local/share/texmf-dist/tex/latex/revtex4/10pt.rtx
File: 10pt.rtx 2001/08/03 v4.0 (http://publish.aps.org/revtex4/ for documentati
on)
)
(/opt/local/share/texmf-dist/tex/latex/algorithms/algorithm.sty
Package: algorithm 

Document Style `algorithm' - floating environment
(/opt/local/share/texmf-dist/tex/latex/float/float.sty
Package: float 2001/11/08 v1.3d Float enhancements (AL)
\c@float@type=\count105
\float@exts=\toks22
\float@box=\box36
\@float@everytoks=\toks23
\@floatcapt=\box37
)
(/opt/local/share/texmf-dist/tex/latex/base/ifthen.sty
Package: ifthen 2001/05/26 v1.1c Standard LaTeX ifthen package (DPC)
)
\@float@every@algorithm=\toks24
\c@algorithm=\count106
) (./algpseudocode.sty
Package: algpseudocode 

(./algorithmicx.sty
Package: algorithmicx 2005/04/27 v1.2 Algorithmicx

Document Style algorithmicx 1.2 - a greatly improved `algorithmic' style
\c@ALG@line=\count107
\c@ALG@rem=\count108
\c@ALG@nested=\count109
\ALG@tlm=\skip48
\ALG@thistlm=\skip49
\c@ALG@Lnr=\count110
\c@ALG@blocknr=\count111
\c@ALG@storecount=\count112
\c@ALG@tmpcounter=\count113
\ALG@tmplength=\skip50
)
Document Style - pseudocode environments for use with the `algorithmicx' style
) (/opt/local/share/texmf-dist/tex/latex/graphics/graphicx.sty
Package: graphicx 1999/02/16 v1.0f Enhanced LaTeX Graphics (DPC,SPQR)

(/opt/local/share/texmf-dist/tex/latex/graphics/keyval.sty
Package: keyval 1999/03/16 v1.13 key=value parser (DPC)
\KV@toks@=\toks25
)
(/opt/local/share/texmf-dist/tex/latex/graphics/graphics.sty
Package: graphics 2001/07/07 v1.0n Standard LaTeX Graphics (DPC,SPQR)

(/opt/local/share/texmf-dist/tex/latex/graphics/trig.sty
Package: trig 1999/03/16 v1.09 sin cos tan (DPC)
)
(/opt/local/share/texmf-dist/tex/latex/graphics/graphics.cfg
File: graphics.cfg 2005/02/03 v1.3 graphics configuration of teTeX/TeXLive
)
Package graphics Info: Driver file: pdftex.def on input line 80.

(/opt/local/share/texmf-dist/tex/latex/graphics/pdftex.def
File: pdftex.def 2002/06/19 v0.03k graphics/color for pdftex
\Gread@gobject=\count114
))
\Gin@req@height=\dimen111
\Gin@req@width=\dimen112
)
(./simulation_and_inference3.aux)
\openout1 = `simulation_and_inference3.aux'.

LaTeX Font Info:    Checking defaults for OML/cmm/m/it on input line 19.
LaTeX Font Info:    ... okay on input line 19.
LaTeX Font Info:    Checking defaults for T1/cmr/m/n on input line 19.
LaTeX Font Info:    ... okay on input line 19.
LaTeX Font Info:    Checking defaults for OT1/cmr/m/n on input line 19.
LaTeX Font Info:    ... okay on input line 19.
LaTeX Font Info:    Checking defaults for OMS/cmsy/m/n on input line 19.
LaTeX Font Info:    ... okay on input line 19.
LaTeX Font Info:    Checking defaults for OMX/cmex/m/n on input line 19.
LaTeX Font Info:    ... okay on input line 19.
LaTeX Font Info:    Checking defaults for U/cmr/m/n on input line 19.
LaTeX Font Info:    ... okay on input line 19.
Class revtex4 Info: Patching LaTeX tabular. on input line 19.
Class revtex4 Info: cite was not loaded (OK!) on input line 19.
Class revtex4 Info: multicol was not loaded (OK!) on input line 19.

(/opt/local/share/texmf-dist/tex/context/base/supp-pdf.tex
(/opt/local/share/texmf-dist/tex/context/base/supp-mis.tex
loading : Context Support Macros / Miscellaneous (2004.10.26)
\protectiondepth=\count115
\scratchcounter=\count116
\scratchtoks=\toks26
\scratchdimen=\dimen113
\scratchskip=\skip51
\scratchmuskip=\muskip11
\scratchbox=\box38
\scratchread=\read1
\scratchwrite=\write3
\zeropoint=\dimen114
\onepoint=\dimen115
\onebasepoint=\dimen116
\minusone=\count117
\thousandpoint=\dimen117
\onerealpoint=\dimen118
\emptytoks=\toks27
\nextbox=\box39
\nextdepth=\dimen119
\everyline=\toks28
\!!counta=\count118
\!!countb=\count119
\recursecounter=\count120
)
loading : Context Support Macros / PDF (2004.03.26)
\nofMPsegments=\count121
\nofMParguments=\count122
\MPscratchCnt=\count123
\MPscratchDim=\dimen120
\MPnumerator=\count124
\everyMPtoPDFconversion=\toks29
) (./abstract.tex) (./intro.tex
LaTeX Font Info:    Try loading font information for U+msa on input line 3.

(/opt/local/share/texmf-dist/tex/latex/amsfonts/umsa.fd
File: umsa.fd 2002/01/19 v2.2g AMS font definitions
)
LaTeX Font Info:    Try loading font information for U+msb on input line 3.

(/opt/local/share/texmf-dist/tex/latex/amsfonts/umsb.fd
File: umsb.fd 2002/01/19 v2.2g AMS font definitions
)) (./overview.tex
[1{/opt/local/share/texmf-var/fonts/map/pdftex/updmap/pdftex.map}]) (./hmm.tex
[2]) (./estimate.tex [3]) (./sampling.tex [4] [5]) (./hmm_params.tex [6])
(./fisher.tex [7]) (./implementation.tex) (./simulation.tex [8]
./simulation.tex:47: Missing $ inserted.
<inserted text> 
                $
l.47 ...udegraphics[width=250pt]{../figs/Figure0b_
                                                  fluor_eg_hlowSNR}
I've inserted a begin-math/end-math symbol since I think
you left one out. Proceed, with fingers crossed.

./simulation.tex:47: Extra }, or forgotten $.
l.47 ...=250pt]{../figs/Figure0b_fluor_eg_hlowSNR}
                                                  
I've deleted a group-closing symbol because it seems to be
spurious, as in `$x}$'. But perhaps the } is legitimate and
you forgot something else, as in `\hbox{$x}'. In such cases
the way to recover is to insert both the forgotten and the
deleted material, e.g., by typing `I$}'.

<../figs/Figure0b_fluor_eg_hlowSNR.pdf, id=93, 614.295pt x 794.97pt>
File: ../figs/Figure0b_fluor_eg_hlowSNR.pdf Graphic file (type pdf)

<use ../figs/Figure0b_fluor_eg_hlowSNR.pdf>
./simulation.tex:49: Missing $ inserted.
<inserted text> 
                $
l.49 \end{minipage}
                   
I've inserted a begin-math/end-math symbol since I think
you left one out. Proceed, with fingers crossed.


Overfull \hbox (639.61288pt too wide) in paragraph at lines 47--49
 []\OT1/cmr/m/n/9 includegraphics[width=250pt]../figs/Figure0b$[]\OML/cmm/m/it/
9 luor[]g[]lowSNR[]$ 
 []

./simulation.tex:49: Missing } inserted.
<inserted text> 
                }
l.49 \end{minipage}
                   
I've inserted something that you may have forgotten.
(See the <inserted text> above.)
With luck, this will get me unwedged. But if you
really didn't forget anything, try typing `2' now; then
my insertion and my current dilemma will both disappear.

<../figs/Figure0a_fluor_eg_highSNR.pdf, id=94, 614.295pt x 794.97pt>
File: ../figs/Figure0a_fluor_eg_highSNR.pdf Graphic file (type pdf)

<use ../figs/Figure0a_fluor_eg_highSNR.pdf>
Overfull \hbox (20.50156pt too wide) in paragraph at lines 51--52
 [][] 
 []

) (./inference.tex [9] [10 <../figs/Figure0a_fluor_eg_highSNR.pdf>]
<../figs/Figure1_fluor_mcmc_vs_iid.pdf, id=104, 614.295pt x 794.97pt>
File: ../figs/Figure1_fluor_mcmc_vs_iid.pdf Graphic file (type pdf)

<use ../figs/Figure1_fluor_mcmc_vs_iid.pdf>
<../figs/Figure2_fluor_base_vs_iid.pdf, id=105, 614.295pt x 794.97pt>
File: ../figs/Figure2_fluor_base_vs_iid.pdf Graphic file (type pdf)

<use ../figs/Figure2_fluor_base_vs_iid.pdf>
<../figs/Figure9_fluor_sparse_sol.pdf, id=106, 614.295pt x 794.97pt>
File: ../figs/Figure9_fluor_sparse_sol.pdf Graphic file (type pdf)

<use ../figs/Figure9_fluor_sparse_sol.pdf>
<../figs/Figure3_perf_vs_gamma.pdf, id=107, 614.295pt x 794.97pt>
File: ../figs/Figure3_perf_vs_gamma.pdf Graphic file (type pdf)

<use ../figs/Figure3_perf_vs_gamma.pdf> [11]
<../figs/Figure5a_hist_glm_vanilla.pdf, id=111, 614.295pt x 794.97pt>
File: ../figs/Figure5a_hist_glm_vanilla.pdf Graphic file (type pdf)

<use ../figs/Figure5a_hist_glm_vanilla.pdf>
Overfull \hbox (20.50156pt too wide) in paragraph at lines 73--74
 [][] 
 []

<../figs/Figure5b_hist_glm_sparse.pdf, id=112, 614.295pt x 794.97pt>
File: ../figs/Figure5b_hist_glm_sparse.pdf Graphic file (type pdf)

<use ../figs/Figure5b_hist_glm_sparse.pdf>
Overfull \hbox (20.50156pt too wide) in paragraph at lines 76--77
 [][] 
 []

<../figs/Figure4_perf_vs_T.pdf, id=113, 614.295pt x 794.97pt>
File: ../figs/Figure4_perf_vs_T.pdf Graphic file (type pdf)

<use ../figs/Figure4_perf_vs_T.pdf>
<../figs/Figure6a_perf_vs_N.pdf, id=114, 614.295pt x 794.97pt>
File: ../figs/Figure6a_perf_vs_N.pdf Graphic file (type pdf)

<use ../figs/Figure6a_perf_vs_N.pdf>
Overfull \hbox (20.50156pt too wide) in paragraph at lines 92--93
 [][] 
 []

<../figs/Figure6b_perf_vs_N_sparse.pdf, id=115, 614.295pt x 794.97pt>
File: ../figs/Figure6b_perf_vs_N_sparse.pdf Graphic file (type pdf)

<use ../figs/Figure6b_perf_vs_N_sparse.pdf>
Overfull \hbox (20.50156pt too wide) in paragraph at lines 95--96
 [][] 
 []

<../figs/Figure7b_raster_weak.pdf, id=116, 614.295pt x 794.97pt>
File: ../figs/Figure7b_raster_weak.pdf Graphic file (type pdf)

<use ../figs/Figure7b_raster_weak.pdf>
Overfull \hbox (20.50156pt too wide) in paragraph at lines 104--105
 [][] 
 []

<../figs/Figure7a_raster_strong.pdf, id=117, 614.295pt x 794.97pt>
File: ../figs/Figure7a_raster_strong.pdf Graphic file (type pdf)

<use ../figs/Figure7a_raster_strong.pdf>
Overfull \hbox (20.50156pt too wide) in paragraph at lines 107--108
 [][] 
 []

<../figs/Figure8b_fluor_weak_glm.pdf, id=118, 614.295pt x 794.97pt>
File: ../figs/Figure8b_fluor_weak_glm.pdf Graphic file (type pdf)

<use ../figs/Figure8b_fluor_weak_glm.pdf>
Overfull \hbox (20.50156pt too wide) in paragraph at lines 117--118
 [][] 
 []

<../figs/Figure8a_fluor_strong_glm.pdf, id=119, 614.295pt x 794.97pt>
File: ../figs/Figure8a_fluor_strong_glm.pdf Graphic file (type pdf)

<use ../figs/Figure8a_fluor_strong_glm.pdf>
Overfull \hbox (20.50156pt too wide) in paragraph at lines 120--121
 [][] 
 []

) (./discussion.tex [12 <../figs/Figure1_fluor_mcmc_vs_iid.pdf>] [13 <../figs/F
igure2_fluor_base_vs_iid.pdf>]) (./simulation_and_inference3.bbl [14 <../figs/F
igure9_fluor_sparse_sol.pdf>] [15 <../figs/Figure3_perf_vs_gamma.pdf>] [16 <../
figs/Figure5a_hist_glm_vanilla.pdf> <../figs/Figure5b_hist_glm_sparse.pdf>]
[17 <../figs/Figure4_perf_vs_T.pdf>] [18 <../figs/Figure6a_perf_vs_N.pdf> <../f
igs/Figure6b_perf_vs_N_sparse.pdf>]) [19 <../figs/Figure7b_raster_weak.pdf> <..
/figs/Figure7a_raster_strong.pdf>] [20 <../figs/Figure8b_fluor_weak_glm.pdf> <.
./figs/Figure8a_fluor_strong_glm.pdf>] (./simulation_and_inference3.aux)

LaTeX Warning: Label(s) may have changed. Rerun to get cross-references right .


 ) 
Here is how much of TeX's memory you used:
 4076 strings out of 94500
 52489 string characters out of 1155413
 124378 words of memory out of 1000000
 7159 multiletter control sequences out of 10000+50000
 11293 words of font info for 43 fonts, out of 500000 for 2000
 580 hyphenation exceptions out of 1000
 32i,9n,26p,2149b,338s stack positions out of 1500i,500n,5000p,200000b,5000s
PDF statistics:
 205 PDF objects out of 300000
 0 named destinations out of 131072
 76 words of extra memory for PDF output out of 65536
</opt/local/share/texmf-dist/fonts/type1/bluesky/cm/cmti9.pfb></opt/local/sha
re/texmf-dist/fonts/type1/public/tt2001/fmex9.pfb></opt/local/share/texmf-dist/
fonts/type1/bluesky/cm/cmsy6.pfb></opt/local/share/texmf-dist/fonts/type1/blues
ky/cm/cmr6.pfb></opt/local/share/texmf-dist/fonts/type1/bluesky/cm/cmmi5.pfb></
opt/local/share/texmf-dist/fonts/type1/bluesky/cm/cmr5.pfb></opt/local/share/te
xmf-dist/fonts/type1/bluesky/cm/cmbx7.pfb></opt/local/share/texmf-dist/fonts/ty
pe1/bluesky/cm/cmsy5.pfb></opt/local/share/texmf-dist/fonts/type1/bluesky/cm/cm
ex10.pfb></opt/local/share/texmf-dist/fonts/type1/bluesky/cm/cmbx10.pfb></opt/l
ocal/share/texmf-dist/fonts/type1/bluesky/cm/cmsy7.pfb></opt/local/share/texmf-
dist/fonts/type1/bluesky/cm/cmmi7.pfb></opt/local/share/texmf-dist/fonts/type1/
bluesky/cm/cmmi10.pfb></opt/local/share/texmf-dist/fonts/type1/bluesky/cm/cmmi6
.pfb></opt/local/share/texmf-dist/fonts/type1/bluesky/cm/cmsy9.pfb></opt/local/
share/texmf-dist/fonts/type1/bluesky/cm/cmmi9.pfb></opt/local/share/texmf-dist/
fonts/type1/bluesky/cm/cmsy10.pfb></opt/local/share/texmf-dist/fonts/type1/blue
sky/cm/cmr7.pfb></opt/local/share/texmf-dist/fonts/type1/bluesky/cm/cmti10.pfb>
</opt/local/share/texmf-dist/fonts/type1/bluesky/cm/cmr10.pfb></opt/local/share
/texmf-dist/fonts/type1/bluesky/cm/cmbx9.pfb></opt/local/share/texmf-dist/fonts
/type1/bluesky/cm/cmr9.pfb></opt/local/share/texmf-dist/fonts/type1/bluesky/cm/
cmbx12.pfb>
Output written on simulation_and_inference3.pdf (20 pages, 373220 bytes).
